2023-12-23 20:02:12,264 [Worker-1: Loading available Gradle versions] INFO  o.e.b.c.i.u.g.PublishedGradleVersions - Gradle version information cache is up-to-date. Trying to read.
2023-12-23 20:02:58,836 [Worker-0: Import Getting Started Content] INFO  o.e.m.c.i.p.ProjectConfigurationManager - Imported and configured 1 project(s) in 0 sec
2023-12-23 20:02:58,842 [Worker-0: Import Getting Started Content] INFO  o.e.m.c.i.p.ProjectConfigurationManager - Update started
2023-12-23 20:02:58,871 [Worker-0: Import Getting Started Content] INFO  o.e.m.c.i.p.ProjectConfigurationManager - Update completed: 0 sec
2023-12-23 20:03:04,297 [Worker-0: reload maven project] ERROR o.e.m.c.i.p.r.ProjectRegistryManager - Failed to read Maven project: Some problems were encountered while processing the POMs:
[FATAL] Non-resolvable parent POM for com.example:demo:0.0.1-SNAPSHOT: Failure to find org.springframework.boot:spring-boot-starter-parent:pom:3.1.7.RELEASE in https://repo.maven.apache.org/maven2 was cached in the local repository, resolution will not be reattempted until the update interval of central has elapsed or updates are forced and 'parent.relativePath' points at no local POM @ line 5, column 10

org.apache.maven.project.ProjectBuildingException: Some problems were encountered while processing the POMs:
[FATAL] Non-resolvable parent POM for com.example:demo:0.0.1-SNAPSHOT: Failure to find org.springframework.boot:spring-boot-starter-parent:pom:3.1.7.RELEASE in https://repo.maven.apache.org/maven2 was cached in the local repository, resolution will not be reattempted until the update interval of central has elapsed or updates are forced and 'parent.relativePath' points at no local POM @ line 5, column 10

	at org.eclipse.m2e.core.internal.embedder.MavenImpl.readMavenProjects(MavenImpl.java:675) ~[na:na]
	at org.eclipse.m2e.core.internal.project.registry.ProjectRegistryManager.lambda$13(ProjectRegistryManager.java:867) ~[na:na]
	at org.eclipse.m2e.core.internal.embedder.MavenExecutionContext.executeBare(MavenExecutionContext.java:179) ~[na:na]
	at org.eclipse.m2e.core.internal.embedder.MavenExecutionContext.execute(MavenExecutionContext.java:153) ~[na:na]
	at org.eclipse.m2e.core.internal.embedder.MavenExecutionContext.execute(MavenExecutionContext.java:101) ~[na:na]
	at org.eclipse.m2e.core.internal.project.registry.ProjectRegistryManager.execute(ProjectRegistryManager.java:1022) ~[na:na]
	at org.eclipse.m2e.core.internal.project.registry.ProjectRegistryManager.readProjectsWithDependencies(ProjectRegistryManager.java:863) ~[na:na]
	at org.eclipse.m2e.core.internal.project.registry.ProjectRegistryManager.create(ProjectRegistryManager.java:207) ~[na:na]
	at org.eclipse.m2e.core.internal.project.registry.MavenProjectManager.create(MavenProjectManager.java:81) ~[na:na]
	at org.eclipse.m2e.core.ui.internal.actions.SelectionUtil.getMavenProject(SelectionUtil.java:259) ~[org.eclipse.m2e.core.ui_1.15.0.20200305-1308.jar:na]
	at org.eclipse.m2e.editor.pom.MavenPomEditor.readMavenProject(MavenPomEditor.java:717) ~[na:na]
	at org.eclipse.m2e.editor.pom.MavenPomEditor$3.run(MavenPomEditor.java:1043) ~[na:na]
	at org.eclipse.core.internal.jobs.Worker.run(Worker.java:63) ~[org.eclipse.core.jobs_3.10.700.v20200106-1020.jar:na]
2023-12-23 20:03:14,185 [Worker-9: Building] INFO  o.e.m.c.i.l.LifecycleMappingFactory - Using org.eclipse.m2e.jdt.JarLifecycleMapping lifecycle mapping for MavenProject: com.example:demo:0.0.1-SNAPSHOT @ F:\Etude\master-QL\s3-master\web-service\microservice-workspace\demo\pom.xml.
2023-12-23 20:03:16,030 [Worker-9: Building] INFO  o.a.m.s.f.DefaultMavenResourcesFiltering - Copying 1 resource from src\main\resources to target\classes
2023-12-23 20:03:16,045 [Worker-9: Building] INFO  o.a.m.s.f.DefaultMavenResourcesFiltering - Copying 0 resource from src\main\resources to target\classes
2023-12-23 20:03:16,048 [Worker-9: Building] INFO  o.a.m.s.f.DefaultMavenResourcesFiltering - skip non existing resourceDirectory F:\Etude\master-QL\s3-master\web-service\microservice-workspace\demo\src\test\resources
2023-12-23 20:03:28,907 [Worker-3: Updating Maven Project] INFO  o.e.m.c.i.p.ProjectConfigurationManager - Update started
2023-12-23 20:03:29,852 [Worker-3: Updating Maven Project] INFO  o.e.m.c.i.l.LifecycleMappingFactory - Using org.eclipse.m2e.jdt.JarLifecycleMapping lifecycle mapping for MavenProject: com.example:demo:0.0.1-SNAPSHOT @ F:\Etude\master-QL\s3-master\web-service\microservice-workspace\demo\pom.xml.
2023-12-23 20:03:30,636 [Worker-3: Updating Maven Project] INFO  o.e.m.j.i.AbstractJavaProjectConfigurator - Adding source folder /demo/src/main/java
2023-12-23 20:03:30,637 [Worker-3: Updating Maven Project] INFO  o.e.m.j.i.AbstractJavaProjectConfigurator - Adding resource folder /demo/src/main/resources
2023-12-23 20:03:30,643 [Worker-3: Updating Maven Project] INFO  o.e.m.j.i.AbstractJavaProjectConfigurator - Adding resource folder /demo/src/main/resources
2023-12-23 20:03:30,648 [Worker-3: Updating Maven Project] INFO  o.e.m.j.i.AbstractJavaProjectConfigurator - Adding source folder /demo/src/test/java
2023-12-23 20:03:32,034 [Worker-3: Updating Maven Project] INFO  o.e.m.c.i.p.ProjectConfigurationManager - Update completed: 3 sec
2023-12-23 20:03:33,922 [Worker-7: Building] INFO  o.a.m.s.f.DefaultMavenResourcesFiltering - Copying 1 resource from src\main\resources to target\classes
2023-12-23 20:03:33,964 [Worker-7: Building] INFO  o.a.m.s.f.DefaultMavenResourcesFiltering - Copying 0 resource from src\main\resources to target\classes
2023-12-23 20:03:33,969 [Worker-7: Building] INFO  o.a.m.s.f.DefaultMavenResourcesFiltering - skip non existing resourceDirectory F:\Etude\master-QL\s3-master\web-service\microservice-workspace\demo\src\test\resources
2023-12-23 20:03:35,413 [Worker-9: Building] INFO  o.a.m.s.f.DefaultMavenResourcesFiltering - Copying 0 resource from src\main\resources to target\classes
2023-12-23 20:03:35,415 [Worker-9: Building] INFO  o.a.m.s.f.DefaultMavenResourcesFiltering - Copying 0 resource from src\main\resources to target\classes
2023-12-23 20:03:35,422 [Worker-9: Building] INFO  o.a.m.s.f.DefaultMavenResourcesFiltering - skip non existing resourceDirectory F:\Etude\master-QL\s3-master\web-service\microservice-workspace\demo\src\test\resources
2023-12-23 20:03:43,279 [Worker-3: Building] INFO  o.a.m.s.f.DefaultMavenResourcesFiltering - Copying 0 resource from src\main\resources to target\classes
2023-12-23 20:03:43,280 [Worker-3: Building] INFO  o.a.m.s.f.DefaultMavenResourcesFiltering - Copying 0 resource from src\main\resources to target\classes
2023-12-23 20:03:43,281 [Worker-3: Building] INFO  o.a.m.s.f.DefaultMavenResourcesFiltering - skip non existing resourceDirectory F:\Etude\master-QL\s3-master\web-service\microservice-workspace\demo\src\test\resources
2023-12-28 22:24:14,615 [main] ERROR o.e.m.c.i.p.r.ProjectRegistryReader - Can't read workspace state
java.io.InvalidClassException: org.eclipse.m2e.core.internal.project.registry.VersionlessKey; local class incompatible: stream classdesc serialVersionUID = 0, local class serialVersionUID = 2125977578206347429
	at java.base/java.io.ObjectStreamClass.initNonProxy(ObjectStreamClass.java:722) ~[na:na]
	at java.base/java.io.ObjectInputStream.readNonProxyDesc(ObjectInputStream.java:2022) ~[na:na]
	at java.base/java.io.ObjectInputStream.readClassDesc(ObjectInputStream.java:1872) ~[na:na]
	at java.base/java.io.ObjectInputStream.readOrdinaryObject(ObjectInputStream.java:2179) ~[na:na]
	at java.base/java.io.ObjectInputStream.readObject0(ObjectInputStream.java:1689) ~[na:na]
	at java.base/java.io.ObjectInputStream$FieldValues.<init>(ObjectInputStream.java:2554) ~[na:na]
	at java.base/java.io.ObjectInputStream.readSerialData(ObjectInputStream.java:2412) ~[na:na]
	at java.base/java.io.ObjectInputStream.readOrdinaryObject(ObjectInputStream.java:2212) ~[na:na]
	at java.base/java.io.ObjectInputStream.readObject0(ObjectInputStream.java:1689) ~[na:na]
	at java.base/java.io.ObjectInputStream.readObject(ObjectInputStream.java:495) ~[na:na]
	at java.base/java.io.ObjectInputStream.readObject(ObjectInputStream.java:453) ~[na:na]
	at java.base/java.util.HashSet.readObject(HashSet.java:344) ~[na:na]
	at java.base/jdk.internal.reflect.NativeMethodAccessorImpl.invoke0(Native Method) ~[na:na]
	at java.base/jdk.internal.reflect.NativeMethodAccessorImpl.invoke(NativeMethodAccessorImpl.java:78) ~[na:na]
	at java.base/jdk.internal.reflect.DelegatingMethodAccessorImpl.invoke(DelegatingMethodAccessorImpl.java:43) ~[na:na]
	at java.base/java.lang.reflect.Method.invoke(Method.java:567) ~[na:na]
	at java.base/java.io.ObjectStreamClass.invokeReadObject(ObjectStreamClass.java:1224) ~[na:na]
	at java.base/java.io.ObjectInputStream.readSerialData(ObjectInputStream.java:2378) ~[na:na]
	at java.base/java.io.ObjectInputStream.readOrdinaryObject(ObjectInputStream.java:2212) ~[na:na]
	at java.base/java.io.ObjectInputStream.readObject0(ObjectInputStream.java:1689) ~[na:na]
	at java.base/java.io.ObjectInputStream.readObject(ObjectInputStream.java:495) ~[na:na]
	at java.base/java.io.ObjectInputStream.readObject(ObjectInputStream.java:453) ~[na:na]
	at java.base/java.util.HashMap.readObject(HashMap.java:1551) ~[na:na]
	at java.base/jdk.internal.reflect.NativeMethodAccessorImpl.invoke0(Native Method) ~[na:na]
	at java.base/jdk.internal.reflect.NativeMethodAccessorImpl.invoke(NativeMethodAccessorImpl.java:78) ~[na:na]
	at java.base/jdk.internal.reflect.DelegatingMethodAccessorImpl.invoke(DelegatingMethodAccessorImpl.java:43) ~[na:na]
	at java.base/java.lang.reflect.Method.invoke(Method.java:567) ~[na:na]
	at java.base/java.io.ObjectStreamClass.invokeReadObject(ObjectStreamClass.java:1224) ~[na:na]
	at java.base/java.io.ObjectInputStream.readSerialData(ObjectInputStream.java:2378) ~[na:na]
	at java.base/java.io.ObjectInputStream.readOrdinaryObject(ObjectInputStream.java:2212) ~[na:na]
	at java.base/java.io.ObjectInputStream.readObject0(ObjectInputStream.java:1689) ~[na:na]
	at java.base/java.io.ObjectInputStream$FieldValues.<init>(ObjectInputStream.java:2554) ~[na:na]
	at java.base/java.io.ObjectInputStream.readSerialData(ObjectInputStream.java:2412) ~[na:na]
	at java.base/java.io.ObjectInputStream.readOrdinaryObject(ObjectInputStream.java:2212) ~[na:na]
	at java.base/java.io.ObjectInputStream.readObject0(ObjectInputStream.java:1689) ~[na:na]
	at java.base/java.io.ObjectInputStream.readObject(ObjectInputStream.java:495) ~[na:na]
	at java.base/java.io.ObjectInputStream.readObject(ObjectInputStream.java:453) ~[na:na]
	at org.eclipse.m2e.core.internal.project.registry.ProjectRegistryReader.readWorkspaceState(ProjectRegistryReader.java:103) ~[na:na]
	at org.eclipse.m2e.core.internal.project.registry.ProjectRegistryManager.<init>(ProjectRegistryManager.java:179) ~[na:na]
	at org.eclipse.m2e.core.internal.MavenPluginActivator.start(MavenPluginActivator.java:239) ~[na:na]
	at org.eclipse.osgi.internal.framework.BundleContextImpl$3.run(BundleContextImpl.java:842) ~[org.eclipse.osgi_3.15.200.v20200214-1600.jar:na]
	at org.eclipse.osgi.internal.framework.BundleContextImpl$3.run(BundleContextImpl.java:1) ~[org.eclipse.osgi_3.15.200.v20200214-1600.jar:na]
	at java.base/java.security.AccessController.doPrivileged(AccessController.java:554) ~[na:na]
	at org.eclipse.osgi.internal.framework.BundleContextImpl.startActivator(BundleContextImpl.java:834) ~[org.eclipse.osgi_3.15.200.v20200214-1600.jar:na]
	at org.eclipse.osgi.internal.framework.BundleContextImpl.start(BundleContextImpl.java:791) ~[org.eclipse.osgi_3.15.200.v20200214-1600.jar:na]
	at org.eclipse.osgi.internal.framework.EquinoxBundle.startWorker0(EquinoxBundle.java:1015) ~[org.eclipse.osgi_3.15.200.v20200214-1600.jar:na]
	at org.eclipse.osgi.internal.framework.EquinoxBundle$EquinoxModule.startWorker(EquinoxBundle.java:365) ~[org.eclipse.osgi_3.15.200.v20200214-1600.jar:na]
	at org.eclipse.osgi.container.Module.doStart(Module.java:603) ~[org.eclipse.osgi_3.15.200.v20200214-1600.jar:na]
	at org.eclipse.osgi.container.Module.start(Module.java:467) ~[org.eclipse.osgi_3.15.200.v20200214-1600.jar:na]
	at org.eclipse.osgi.framework.util.SecureAction.start(SecureAction.java:493) ~[org.eclipse.osgi_3.15.200.v20200214-1600.jar:na]
	at org.eclipse.osgi.internal.hooks.EclipseLazyStarter.postFindLocalClass(EclipseLazyStarter.java:117) ~[na:na]
	at org.eclipse.osgi.internal.loader.classpath.ClasspathManager.findLocalClass(ClasspathManager.java:571) ~[org.eclipse.osgi_3.15.200.v20200214-1600.jar:na]
	at org.eclipse.osgi.internal.loader.ModuleClassLoader.findLocalClass(ModuleClassLoader.java:346) ~[org.eclipse.osgi_3.15.200.v20200214-1600.jar:na]
	at org.eclipse.osgi.internal.loader.BundleLoader.findLocalClass(BundleLoader.java:398) ~[org.eclipse.osgi_3.15.200.v20200214-1600.jar:na]
	at org.eclipse.osgi.internal.loader.BundleLoader.findClass(BundleLoader.java:477) ~[org.eclipse.osgi_3.15.200.v20200214-1600.jar:na]
	at org.eclipse.osgi.internal.loader.ModuleClassLoader.loadClass(ModuleClassLoader.java:171) ~[org.eclipse.osgi_3.15.200.v20200214-1600.jar:na]
	at java.base/java.lang.ClassLoader.loadClass(ClassLoader.java:519) ~[na:na]
	at org.eclipse.osgi.internal.framework.EquinoxBundle.loadClass(EquinoxBundle.java:620) ~[org.eclipse.osgi_3.15.200.v20200214-1600.jar:na]
	at org.eclipse.core.internal.registry.osgi.RegistryStrategyOSGI.createExecutableExtension(RegistryStrategyOSGI.java:196) ~[org.eclipse.equinox.registry_3.8.700.v20200121-1457.jar:na]
	at org.eclipse.core.internal.registry.ExtensionRegistry.createExecutableExtension(ExtensionRegistry.java:923) ~[org.eclipse.equinox.registry_3.8.700.v20200121-1457.jar:na]
	at org.eclipse.core.internal.registry.ConfigurationElement.createExecutableExtension(ConfigurationElement.java:246) ~[org.eclipse.equinox.registry_3.8.700.v20200121-1457.jar:na]
	at org.eclipse.core.internal.registry.ConfigurationElementHandle.createExecutableExtension(ConfigurationElementHandle.java:63) ~[org.eclipse.equinox.registry_3.8.700.v20200121-1457.jar:na]
	at org.eclipse.ui.internal.WorkbenchPlugin.lambda$0(WorkbenchPlugin.java:286) ~[na:na]
	at org.eclipse.swt.custom.BusyIndicator.showWhile(BusyIndicator.java:72) ~[org.eclipse.swt.win32.win32.x86_64_3.114.0.v20200304-0601.jar:na]
	at org.eclipse.ui.internal.WorkbenchPlugin.createExtension(WorkbenchPlugin.java:284) ~[na:na]
	at org.eclipse.ui.internal.registry.EditorDescriptor.createEditor(EditorDescriptor.java:231) ~[na:na]
	at org.eclipse.ui.internal.EditorReference.createPart(EditorReference.java:321) ~[na:na]
	at org.eclipse.ui.internal.e4.compatibility.CompatibilityPart.createPart(CompatibilityPart.java:300) ~[na:na]
	at org.eclipse.ui.internal.e4.compatibility.CompatibilityEditor.createPart(CompatibilityEditor.java:61) ~[na:na]
	at org.eclipse.ui.internal.e4.compatibility.CompatibilityPart.create(CompatibilityPart.java:338) ~[na:na]
	at java.base/jdk.internal.reflect.NativeMethodAccessorImpl.invoke0(Native Method) ~[na:na]
	at java.base/jdk.internal.reflect.NativeMethodAccessorImpl.invoke(NativeMethodAccessorImpl.java:78) ~[na:na]
	at java.base/jdk.internal.reflect.DelegatingMethodAccessorImpl.invoke(DelegatingMethodAccessorImpl.java:43) ~[na:na]
	at java.base/java.lang.reflect.Method.invoke(Method.java:567) ~[na:na]
	at org.eclipse.e4.core.internal.di.MethodRequestor.execute(MethodRequestor.java:58) ~[na:na]
	at org.eclipse.e4.core.internal.di.InjectorImpl.processAnnotated(InjectorImpl.java:1002) ~[na:na]
	at org.eclipse.e4.core.internal.di.InjectorImpl.processAnnotated(InjectorImpl.java:967) ~[na:na]
	at org.eclipse.e4.core.internal.di.InjectorImpl.internalInject(InjectorImpl.java:139) ~[na:na]
	at org.eclipse.e4.core.internal.di.InjectorImpl.internalMake(InjectorImpl.java:408) ~[na:na]
	at org.eclipse.e4.core.internal.di.InjectorImpl.make(InjectorImpl.java:331) ~[na:na]
	at org.eclipse.e4.core.contexts.ContextInjectionFactory.make(ContextInjectionFactory.java:202) ~[na:na]
	at org.eclipse.e4.ui.internal.workbench.ReflectionContributionFactory.createFromBundle(ReflectionContributionFactory.java:91) ~[na:na]
	at org.eclipse.e4.ui.internal.workbench.ReflectionContributionFactory.doCreate(ReflectionContributionFactory.java:60) ~[na:na]
	at org.eclipse.e4.ui.internal.workbench.ReflectionContributionFactory.create(ReflectionContributionFactory.java:42) ~[na:na]
	at org.eclipse.e4.ui.workbench.renderers.swt.ContributedPartRenderer.createWidget(ContributedPartRenderer.java:132) ~[na:na]
	at org.eclipse.e4.ui.internal.workbench.swt.PartRenderingEngine.createWidget(PartRenderingEngine.java:1002) ~[na:na]
	at org.eclipse.e4.ui.internal.workbench.swt.PartRenderingEngine.safeCreateGui(PartRenderingEngine.java:662) ~[na:na]
	at org.eclipse.e4.ui.internal.workbench.swt.PartRenderingEngine.safeCreateGui(PartRenderingEngine.java:768) ~[na:na]
	at org.eclipse.e4.ui.internal.workbench.swt.PartRenderingEngine.access$0(PartRenderingEngine.java:739) ~[na:na]
	at org.eclipse.e4.ui.internal.workbench.swt.PartRenderingEngine$2.run(PartRenderingEngine.java:733) ~[na:na]
	at org.eclipse.core.runtime.SafeRunner.run(SafeRunner.java:45) ~[org.eclipse.equinox.common_3.11.0.v20200206-0817.jar:na]
	at org.eclipse.e4.ui.internal.workbench.swt.PartRenderingEngine.createGui(PartRenderingEngine.java:717) ~[na:na]
	at org.eclipse.e4.ui.workbench.renderers.swt.StackRenderer.showTab(StackRenderer.java:1297) ~[na:na]
	at org.eclipse.e4.ui.workbench.renderers.swt.LazyStackRenderer.postProcess(LazyStackRenderer.java:105) ~[na:na]
	at org.eclipse.e4.ui.internal.workbench.swt.PartRenderingEngine.safeCreateGui(PartRenderingEngine.java:680) ~[na:na]
	at org.eclipse.e4.ui.internal.workbench.swt.PartRenderingEngine.safeCreateGui(PartRenderingEngine.java:768) ~[na:na]
	at org.eclipse.e4.ui.internal.workbench.swt.PartRenderingEngine.access$0(PartRenderingEngine.java:739) ~[na:na]
	at org.eclipse.e4.ui.internal.workbench.swt.PartRenderingEngine$2.run(PartRenderingEngine.java:733) ~[na:na]
	at org.eclipse.core.runtime.SafeRunner.run(SafeRunner.java:45) ~[org.eclipse.equinox.common_3.11.0.v20200206-0817.jar:na]
	at org.eclipse.e4.ui.internal.workbench.swt.PartRenderingEngine.createGui(PartRenderingEngine.java:717) ~[na:na]
	at org.eclipse.e4.ui.workbench.renderers.swt.SWTPartRenderer.processContents(SWTPartRenderer.java:71) ~[na:na]
	at org.eclipse.e4.ui.internal.workbench.swt.PartRenderingEngine.safeCreateGui(PartRenderingEngine.java:676) ~[na:na]
	at org.eclipse.e4.ui.internal.workbench.swt.PartRenderingEngine$1.run(PartRenderingEngine.java:547) ~[na:na]
	at org.eclipse.core.runtime.SafeRunner.run(SafeRunner.java:45) ~[org.eclipse.equinox.common_3.11.0.v20200206-0817.jar:na]
	at org.eclipse.e4.ui.internal.workbench.swt.PartRenderingEngine.createGui(PartRenderingEngine.java:531) ~[na:na]
	at org.eclipse.e4.ui.workbench.renderers.swt.ElementReferenceRenderer.createWidget(ElementReferenceRenderer.java:73) ~[na:na]
	at org.eclipse.e4.ui.internal.workbench.swt.PartRenderingEngine.createWidget(PartRenderingEngine.java:1002) ~[na:na]
	at org.eclipse.e4.ui.internal.workbench.swt.PartRenderingEngine.safeCreateGui(PartRenderingEngine.java:662) ~[na:na]
	at org.eclipse.e4.ui.internal.workbench.swt.PartRenderingEngine.safeCreateGui(PartRenderingEngine.java:768) ~[na:na]
	at org.eclipse.e4.ui.internal.workbench.swt.PartRenderingEngine.access$0(PartRenderingEngine.java:739) ~[na:na]
	at org.eclipse.e4.ui.internal.workbench.swt.PartRenderingEngine$2.run(PartRenderingEngine.java:733) ~[na:na]
	at org.eclipse.core.runtime.SafeRunner.run(SafeRunner.java:45) ~[org.eclipse.equinox.common_3.11.0.v20200206-0817.jar:na]
	at org.eclipse.e4.ui.internal.workbench.swt.PartRenderingEngine.createGui(PartRenderingEngine.java:717) ~[na:na]
	at org.eclipse.e4.ui.workbench.renderers.swt.SWTPartRenderer.processContents(SWTPartRenderer.java:71) ~[na:na]
	at org.eclipse.e4.ui.workbench.renderers.swt.SashRenderer.processContents(SashRenderer.java:148) ~[na:na]
	at org.eclipse.e4.ui.internal.workbench.swt.PartRenderingEngine.safeCreateGui(PartRenderingEngine.java:676) ~[na:na]
	at org.eclipse.e4.ui.internal.workbench.swt.PartRenderingEngine.safeCreateGui(PartRenderingEngine.java:768) ~[na:na]
	at org.eclipse.e4.ui.internal.workbench.swt.PartRenderingEngine.access$0(PartRenderingEngine.java:739) ~[na:na]
	at org.eclipse.e4.ui.internal.workbench.swt.PartRenderingEngine$2.run(PartRenderingEngine.java:733) ~[na:na]
	at org.eclipse.core.runtime.SafeRunner.run(SafeRunner.java:45) ~[org.eclipse.equinox.common_3.11.0.v20200206-0817.jar:na]
	at org.eclipse.e4.ui.internal.workbench.swt.PartRenderingEngine.createGui(PartRenderingEngine.java:717) ~[na:na]
	at org.eclipse.e4.ui.workbench.renderers.swt.SWTPartRenderer.processContents(SWTPartRenderer.java:71) ~[na:na]
	at org.eclipse.e4.ui.workbench.renderers.swt.SashRenderer.processContents(SashRenderer.java:148) ~[na:na]
	at org.eclipse.e4.ui.internal.workbench.swt.PartRenderingEngine.safeCreateGui(PartRenderingEngine.java:676) ~[na:na]
	at org.eclipse.e4.ui.internal.workbench.swt.PartRenderingEngine.safeCreateGui(PartRenderingEngine.java:768) ~[na:na]
	at org.eclipse.e4.ui.internal.workbench.swt.PartRenderingEngine.access$0(PartRenderingEngine.java:739) ~[na:na]
	at org.eclipse.e4.ui.internal.workbench.swt.PartRenderingEngine$2.run(PartRenderingEngine.java:733) ~[na:na]
	at org.eclipse.core.runtime.SafeRunner.run(SafeRunner.java:45) ~[org.eclipse.equinox.common_3.11.0.v20200206-0817.jar:na]
	at org.eclipse.e4.ui.internal.workbench.swt.PartRenderingEngine.createGui(PartRenderingEngine.java:717) ~[na:na]
	at org.eclipse.e4.ui.workbench.renderers.swt.SWTPartRenderer.processContents(SWTPartRenderer.java:71) ~[na:na]
	at org.eclipse.e4.ui.workbench.renderers.swt.SashRenderer.processContents(SashRenderer.java:148) ~[na:na]
	at org.eclipse.e4.ui.internal.workbench.swt.PartRenderingEngine.safeCreateGui(PartRenderingEngine.java:676) ~[na:na]
	at org.eclipse.e4.ui.internal.workbench.swt.PartRenderingEngine.safeCreateGui(PartRenderingEngine.java:768) ~[na:na]
	at org.eclipse.e4.ui.internal.workbench.swt.PartRenderingEngine.access$0(PartRenderingEngine.java:739) ~[na:na]
	at org.eclipse.e4.ui.internal.workbench.swt.PartRenderingEngine$2.run(PartRenderingEngine.java:733) ~[na:na]
	at org.eclipse.core.runtime.SafeRunner.run(SafeRunner.java:45) ~[org.eclipse.equinox.common_3.11.0.v20200206-0817.jar:na]
	at org.eclipse.e4.ui.internal.workbench.swt.PartRenderingEngine.createGui(PartRenderingEngine.java:717) ~[na:na]
	at org.eclipse.e4.ui.workbench.renderers.swt.SWTPartRenderer.processContents(SWTPartRenderer.java:71) ~[na:na]
	at org.eclipse.e4.ui.workbench.renderers.swt.PerspectiveRenderer.processContents(PerspectiveRenderer.java:51) ~[na:na]
	at org.eclipse.e4.ui.internal.workbench.swt.PartRenderingEngine.safeCreateGui(PartRenderingEngine.java:676) ~[na:na]
	at org.eclipse.e4.ui.internal.workbench.swt.PartRenderingEngine.safeCreateGui(PartRenderingEngine.java:768) ~[na:na]
	at org.eclipse.e4.ui.internal.workbench.swt.PartRenderingEngine.access$0(PartRenderingEngine.java:739) ~[na:na]
	at org.eclipse.e4.ui.internal.workbench.swt.PartRenderingEngine$2.run(PartRenderingEngine.java:733) ~[na:na]
	at org.eclipse.core.runtime.SafeRunner.run(SafeRunner.java:45) ~[org.eclipse.equinox.common_3.11.0.v20200206-0817.jar:na]
	at org.eclipse.e4.ui.internal.workbench.swt.PartRenderingEngine.createGui(PartRenderingEngine.java:717) ~[na:na]
	at org.eclipse.e4.ui.workbench.renderers.swt.PerspectiveStackRenderer.showTab(PerspectiveStackRenderer.java:82) ~[na:na]
	at org.eclipse.e4.ui.workbench.renderers.swt.LazyStackRenderer.postProcess(LazyStackRenderer.java:105) ~[na:na]
	at org.eclipse.e4.ui.workbench.renderers.swt.PerspectiveStackRenderer.postProcess(PerspectiveStackRenderer.java:64) ~[na:na]
	at org.eclipse.e4.ui.internal.workbench.swt.PartRenderingEngine.safeCreateGui(PartRenderingEngine.java:680) ~[na:na]
	at org.eclipse.e4.ui.internal.workbench.swt.PartRenderingEngine.safeCreateGui(PartRenderingEngine.java:768) ~[na:na]
	at org.eclipse.e4.ui.internal.workbench.swt.PartRenderingEngine.access$0(PartRenderingEngine.java:739) ~[na:na]
	at org.eclipse.e4.ui.internal.workbench.swt.PartRenderingEngine$2.run(PartRenderingEngine.java:733) ~[na:na]
	at org.eclipse.core.runtime.SafeRunner.run(SafeRunner.java:45) ~[org.eclipse.equinox.common_3.11.0.v20200206-0817.jar:na]
	at org.eclipse.e4.ui.internal.workbench.swt.PartRenderingEngine.createGui(PartRenderingEngine.java:717) ~[na:na]
	at org.eclipse.e4.ui.workbench.renderers.swt.SWTPartRenderer.processContents(SWTPartRenderer.java:71) ~[na:na]
	at org.eclipse.e4.ui.workbench.renderers.swt.SashRenderer.processContents(SashRenderer.java:148) ~[na:na]
	at org.eclipse.e4.ui.internal.workbench.swt.PartRenderingEngine.safeCreateGui(PartRenderingEngine.java:676) ~[na:na]
	at org.eclipse.e4.ui.internal.workbench.swt.PartRenderingEngine.safeCreateGui(PartRenderingEngine.java:768) ~[na:na]
	at org.eclipse.e4.ui.internal.workbench.swt.PartRenderingEngine.access$0(PartRenderingEngine.java:739) ~[na:na]
	at org.eclipse.e4.ui.internal.workbench.swt.PartRenderingEngine$2.run(PartRenderingEngine.java:733) ~[na:na]
	at org.eclipse.core.runtime.SafeRunner.run(SafeRunner.java:45) ~[org.eclipse.equinox.common_3.11.0.v20200206-0817.jar:na]
	at org.eclipse.e4.ui.internal.workbench.swt.PartRenderingEngine.createGui(PartRenderingEngine.java:717) ~[na:na]
	at org.eclipse.e4.ui.workbench.renderers.swt.SWTPartRenderer.processContents(SWTPartRenderer.java:71) ~[na:na]
	at org.eclipse.e4.ui.workbench.renderers.swt.WBWRenderer.processContents(WBWRenderer.java:666) ~[na:na]
	at org.eclipse.e4.ui.internal.workbench.swt.PartRenderingEngine.safeCreateGui(PartRenderingEngine.java:676) ~[na:na]
	at org.eclipse.e4.ui.internal.workbench.swt.PartRenderingEngine.safeCreateGui(PartRenderingEngine.java:768) ~[na:na]
	at org.eclipse.e4.ui.internal.workbench.swt.PartRenderingEngine.access$0(PartRenderingEngine.java:739) ~[na:na]
	at org.eclipse.e4.ui.internal.workbench.swt.PartRenderingEngine$2.run(PartRenderingEngine.java:733) ~[na:na]
	at org.eclipse.core.runtime.SafeRunner.run(SafeRunner.java:45) ~[org.eclipse.equinox.common_3.11.0.v20200206-0817.jar:na]
	at org.eclipse.e4.ui.internal.workbench.swt.PartRenderingEngine.createGui(PartRenderingEngine.java:717) ~[na:na]
	at org.eclipse.e4.ui.internal.workbench.swt.PartRenderingEngine$5.run(PartRenderingEngine.java:1086) ~[na:na]
	at org.eclipse.core.databinding.observable.Realm.runWithDefault(Realm.java:338) ~[na:na]
	at org.eclipse.e4.ui.internal.workbench.swt.PartRenderingEngine.run(PartRenderingEngine.java:1049) ~[na:na]
	at org.eclipse.e4.ui.internal.workbench.E4Workbench.createAndRunUI(E4Workbench.java:155) ~[na:na]
	at org.eclipse.ui.internal.Workbench.lambda$3(Workbench.java:658) ~[na:na]
	at org.eclipse.core.databinding.observable.Realm.runWithDefault(Realm.java:338) ~[na:na]
	at org.eclipse.ui.internal.Workbench.createAndRunWorkbench(Workbench.java:557) ~[na:na]
	at org.eclipse.ui.PlatformUI.createAndRunWorkbench(PlatformUI.java:154) ~[na:na]
	at org.eclipse.ui.internal.ide.application.IDEApplication.start(IDEApplication.java:150) ~[na:na]
	at org.eclipse.equinox.internal.app.EclipseAppHandle.run(EclipseAppHandle.java:203) ~[org.eclipse.equinox.app_1.4.400.v20191212-0743.jar:na]
	at org.eclipse.core.runtime.internal.adaptor.EclipseAppLauncher.runApplication(EclipseAppLauncher.java:137) ~[org.eclipse.osgi_3.15.200.v20200214-1600.jar:na]
	at org.eclipse.core.runtime.internal.adaptor.EclipseAppLauncher.start(EclipseAppLauncher.java:107) ~[org.eclipse.osgi_3.15.200.v20200214-1600.jar:na]
	at org.eclipse.core.runtime.adaptor.EclipseStarter.run(EclipseStarter.java:401) ~[org.eclipse.osgi_3.15.200.v20200214-1600.jar:na]
	at org.eclipse.core.runtime.adaptor.EclipseStarter.run(EclipseStarter.java:255) ~[org.eclipse.osgi_3.15.200.v20200214-1600.jar:na]
	at java.base/jdk.internal.reflect.NativeMethodAccessorImpl.invoke0(Native Method) ~[na:na]
	at java.base/jdk.internal.reflect.NativeMethodAccessorImpl.invoke(NativeMethodAccessorImpl.java:78) ~[na:na]
	at java.base/jdk.internal.reflect.DelegatingMethodAccessorImpl.invoke(DelegatingMethodAccessorImpl.java:43) ~[na:na]
	at java.base/java.lang.reflect.Method.invoke(Method.java:567) ~[na:na]
	at org.eclipse.equinox.launcher.Main.invokeFramework(Main.java:657) ~[org.eclipse.equinox.launcher_1.5.700.v20200207-2156.jar:na]
	at org.eclipse.equinox.launcher.Main.basicRun(Main.java:594) ~[org.eclipse.equinox.launcher_1.5.700.v20200207-2156.jar:na]
	at org.eclipse.equinox.launcher.Main.run(Main.java:1447) ~[org.eclipse.equinox.launcher_1.5.700.v20200207-2156.jar:na]
	at org.eclipse.equinox.launcher.Main.main(Main.java:1420) ~[org.eclipse.equinox.launcher_1.5.700.v20200207-2156.jar:na]
2023-12-28 22:24:20,580 [Worker-4: Loading available Gradle versions] INFO  o.e.b.c.i.u.g.PublishedGradleVersions - Gradle version information cache is out-of-date. Trying to update.
2023-12-28 22:24:28,253 [Worker-16: Updating Maven Dependencies] INFO  o.e.m.c.i.l.LifecycleMappingFactory - Using org.eclipse.m2e.jdt.JarLifecycleMapping lifecycle mapping for MavenProject: com.example:demo:0.0.1-SNAPSHOT @ F:\Etude\master-QL\s3-master\web-service\microservice-workspace\config-service\pom.xml.
2023-12-28 22:24:29,973 [Worker-16: Updating Maven Dependencies] INFO  o.e.m.c.i.l.LifecycleMappingFactory - Using org.eclipse.m2e.jdt.JarLifecycleMapping lifecycle mapping for MavenProject: org.bte.socialmedia:discovery-service:0.0.1 @ F:\Etude\master-QL\s3-master\web-service\microservice-workspace\discovery-service\pom.xml.
2023-12-28 22:24:31,010 [Worker-16: Updating Maven Dependencies] INFO  o.e.m.c.i.l.LifecycleMappingFactory - Using org.eclipse.m2e.jdt.JarLifecycleMapping lifecycle mapping for MavenProject: org.bte.socialmedia:gateway-service:0.0.1 @ F:\Etude\master-QL\s3-master\web-service\microservice-workspace\gateway-service\pom.xml.
2023-12-28 22:24:54,691 [Worker-9: Building] INFO  o.a.m.s.f.DefaultMavenResourcesFiltering - Copying 1 resource from src\main\resources to target\classes
2023-12-28 22:24:54,719 [Worker-9: Building] INFO  o.a.m.s.f.DefaultMavenResourcesFiltering - Copying 0 resource from src\main\resources to target\classes
2023-12-28 22:24:54,721 [Worker-9: Building] INFO  o.a.m.s.f.DefaultMavenResourcesFiltering - skip non existing resourceDirectory F:\Etude\master-QL\s3-master\web-service\microservice-workspace\config-service\src\test\resources
2023-12-28 22:24:56,364 [Worker-9: Building] INFO  o.a.m.s.f.DefaultMavenResourcesFiltering - Copying 1 resource from src\main\resources to target\classes
2023-12-28 22:24:56,374 [Worker-9: Building] INFO  o.a.m.s.f.DefaultMavenResourcesFiltering - Copying 0 resource from src\main\resources to target\classes
2023-12-28 22:24:56,376 [Worker-9: Building] INFO  o.a.m.s.f.DefaultMavenResourcesFiltering - skip non existing resourceDirectory F:\Etude\master-QL\s3-master\web-service\microservice-workspace\discovery-service\src\test\resources
2023-12-28 22:24:57,581 [Worker-9: Building] INFO  o.a.m.s.f.DefaultMavenResourcesFiltering - Copying 1 resource from src\main\resources to target\classes
2023-12-28 22:24:57,589 [Worker-9: Building] INFO  o.a.m.s.f.DefaultMavenResourcesFiltering - Copying 0 resource from src\main\resources to target\classes
2023-12-28 22:24:57,591 [Worker-9: Building] INFO  o.a.m.s.f.DefaultMavenResourcesFiltering - skip non existing resourceDirectory F:\Etude\master-QL\s3-master\web-service\microservice-workspace\gateway-service\src\test\resources
2023-12-28 22:25:16,630 [Worker-9: Updating Maven Project] INFO  o.e.m.c.i.p.ProjectConfigurationManager - Update started
2023-12-28 22:25:17,399 [Worker-9: Updating Maven Project] INFO  o.e.m.c.i.l.LifecycleMappingFactory - Using org.eclipse.m2e.jdt.JarLifecycleMapping lifecycle mapping for MavenProject: com.example:demo:0.0.1-SNAPSHOT @ F:\Etude\master-QL\s3-master\web-service\microservice-workspace\config-service\pom.xml.
2023-12-28 22:25:18,046 [Worker-9: Updating Maven Project] INFO  o.e.m.j.i.AbstractJavaProjectConfigurator - Adding source folder /config-service/src/main/java
2023-12-28 22:25:18,046 [Worker-9: Updating Maven Project] INFO  o.e.m.j.i.AbstractJavaProjectConfigurator - Adding resource folder /config-service/src/main/resources
2023-12-28 22:25:18,047 [Worker-9: Updating Maven Project] INFO  o.e.m.j.i.AbstractJavaProjectConfigurator - Adding resource folder /config-service/src/main/resources
2023-12-28 22:25:18,047 [Worker-9: Updating Maven Project] INFO  o.e.m.j.i.AbstractJavaProjectConfigurator - Adding source folder /config-service/src/test/java
2023-12-28 22:25:19,182 [Worker-9: Updating Maven Project] INFO  o.e.m.c.i.p.ProjectConfigurationManager - Update completed: 2 sec
2023-12-28 22:25:20,918 [Worker-17: Building] INFO  o.a.m.s.f.DefaultMavenResourcesFiltering - Copying 1 resource from src\main\resources to target\classes
2023-12-28 22:25:20,925 [Worker-17: Building] INFO  o.a.m.s.f.DefaultMavenResourcesFiltering - Copying 0 resource from src\main\resources to target\classes
2023-12-28 22:25:20,927 [Worker-17: Building] INFO  o.a.m.s.f.DefaultMavenResourcesFiltering - skip non existing resourceDirectory F:\Etude\master-QL\s3-master\web-service\microservice-workspace\config-service\src\test\resources
